<?xml version="1.0" encoding="UTF-8"?>
<testng-results ignored="0" total="4" passed="3" failed="1" skipped="0">
  <reporter-output>
  </reporter-output>
  <suite started-at="2023-08-24T04:48:35Z" name="Default suite" finished-at="2023-08-24T04:48:40Z" duration-ms="5045">
    <groups>
    </groups>
    <test started-at="2023-08-24T04:48:35Z" name="Default test" finished-at="2023-08-24T04:48:40Z" duration-ms="5045">
      <class name="in.sportyshoe.TestScripts.BuyAShoe">
        <test-method is-config="true" signature="launchApplication()[pri:0, instance:in.sportyshoe.TestScripts.BuyAShoe@1869fbd2]" started-at="2023-08-24T04:48:35Z" name="launchApplication" finished-at="2023-08-24T04:48:39Z" duration-ms="3501" status="PASS">
          <reporter-output>
          </reporter-output>
        </test-method> <!-- launchApplication -->
        <test-method signature="registration()[pri:0, instance:in.sportyshoe.TestScripts.BuyAShoe@1869fbd2]" started-at="2023-08-24T04:48:39Z" name="registration" finished-at="2023-08-24T04:48:39Z" duration-ms="606" status="PASS">
          <reporter-output>
          </reporter-output>
        </test-method> <!-- registration -->
        <test-method signature="login()[pri:1, instance:in.sportyshoe.TestScripts.BuyAShoe@1869fbd2]" started-at="2023-08-24T04:48:39Z" name="login" finished-at="2023-08-24T04:48:40Z" duration-ms="217" status="PASS">
          <reporter-output>
          </reporter-output>
        </test-method> <!-- login -->
        <test-method signature="addItem()[pri:2, instance:in.sportyshoe.TestScripts.BuyAShoe@1869fbd2]" started-at="2023-08-24T04:48:40Z" name="addItem" finished-at="2023-08-24T04:48:40Z" duration-ms="295" status="PASS">
          <reporter-output>
          </reporter-output>
        </test-method> <!-- addItem -->
        <test-method signature="placeOrder()[pri:3, instance:in.sportyshoe.TestScripts.BuyAShoe@1869fbd2]" started-at="2023-08-24T04:48:40Z" name="placeOrder" finished-at="2023-08-24T04:48:40Z" duration-ms="128" status="FAIL">
          <exception class="java.lang.NullPointerException">
            <message>
              <![CDATA[Cannot invoke "org.openqa.selenium.JavascriptExecutor.executeScript(String, Object[])" because "jsExecutor" is null]]>
            </message>
            <full-stacktrace>
              <![CDATA[java.lang.NullPointerException: Cannot invoke "org.openqa.selenium.JavascriptExecutor.executeScript(String, Object[])" because "jsExecutor" is null
at in.sportyshoe.pages.PlaceOrderPage.viewOrder(PlaceOrderPage.java:31)
at in.sportyshoe.TestScripts.BuyAShoe.placeOrder(BuyAShoe.java:41)
at java.base/jdk.internal.reflect.NativeMethodAccessorImpl.invoke0(Native Method)
at java.base/jdk.internal.reflect.NativeMethodAccessorImpl.invoke(NativeMethodAccessorImpl.java:77)
at java.base/jdk.internal.reflect.DelegatingMethodAccessorImpl.invoke(DelegatingMethodAccessorImpl.java:43)
at java.base/java.lang.reflect.Method.invoke(Method.java:568)
at org.testng.internal.MethodInvocationHelper.invokeMethod(MethodInvocationHelper.java:124)
at org.testng.internal.Invoker.invokeMethod(Invoker.java:583)
at org.testng.internal.Invoker.invokeTestMethod(Invoker.java:719)
at org.testng.internal.Invoker.invokeTestMethods(Invoker.java:989)
at org.testng.internal.TestMethodWorker.invokeTestMethods(TestMethodWorker.java:125)
at org.testng.internal.TestMethodWorker.run(TestMethodWorker.java:109)
at org.testng.TestRunner.privateRun(TestRunner.java:648)
at org.testng.TestRunner.run(TestRunner.java:505)
at org.testng.SuiteRunner.runTest(SuiteRunner.java:455)
at org.testng.SuiteRunner.runSequentially(SuiteRunner.java:450)
at org.testng.SuiteRunner.privateRun(SuiteRunner.java:415)
at org.testng.SuiteRunner.run(SuiteRunner.java:364)
at org.testng.SuiteRunnerWorker.runSuite(SuiteRunnerWorker.java:52)
at org.testng.SuiteRunnerWorker.run(SuiteRunnerWorker.java:84)
at org.testng.TestNG.runSuitesSequentially(TestNG.java:1208)
at org.testng.TestNG.runSuitesLocally(TestNG.java:1137)
at org.testng.TestNG.runSuites(TestNG.java:1049)
at org.testng.TestNG.run(TestNG.java:1017)
at org.testng.remote.AbstractRemoteTestNG.run(AbstractRemoteTestNG.java:115)
at org.testng.remote.RemoteTestNG.initAndRun(RemoteTestNG.java:251)
at org.testng.remote.RemoteTestNG.main(RemoteTestNG.java:77)
]]>
            </full-stacktrace>
          </exception> <!-- java.lang.NullPointerException -->
          <reporter-output>
          </reporter-output>
        </test-method> <!-- placeOrder -->
        <test-method is-config="true" signature="closeBrowser()[pri:0, instance:in.sportyshoe.TestScripts.BuyAShoe@1869fbd2]" started-at="2023-08-24T04:48:40Z" name="closeBrowser" finished-at="2023-08-24T04:48:40Z" duration-ms="269" status="PASS">
          <reporter-output>
          </reporter-output>
        </test-method> <!-- closeBrowser -->
      </class> <!-- in.sportyshoe.TestScripts.BuyAShoe -->
    </test> <!-- Default test -->
  </suite> <!-- Default suite -->
</testng-results>
