<?xml version="1.0" encoding="UTF-8"?>
<testng-results ignored="0" total="1" passed="1" failed="0" skipped="0">
  <reporter-output>
  </reporter-output>
  <suite started-at="2023-08-23T14:54:09 IST" name="Default suite" finished-at="2023-08-23T14:54:10 IST" duration-ms="1130">
    <groups>
    </groups>
    <test started-at="2023-08-23T14:54:09 IST" name="Default test" finished-at="2023-08-23T14:54:10 IST" duration-ms="1130">
      <class name="in.restassured.RestAssuredDemo.GetProducts">
        <test-method signature="getServerResponse()[pri:0, instance:in.restassured.RestAssuredDemo.GetProducts@533bda92]" started-at="2023-08-23T14:54:09 IST" name="getServerResponse" finished-at="2023-08-23T14:54:10 IST" duration-ms="1094" status="PASS">
          <reporter-output>
          </reporter-output>
        </test-method> <!-- getServerResponse -->
      </class> <!-- in.restassured.RestAssuredDemo.GetProducts -->
    </test> <!-- Default test -->
  </suite> <!-- Default suite -->
</testng-results>
